(node:17522) DeprecationWarning: current Server Discovery and Monitoring engine is deprecated, and will be removed in a future version. To use the new Server Discover and Monitoring engine, pass option { useUnifiedTopology: true } to the MongoClient constructor.
[ Db {
    _events: [Object: null prototype] {},
    _eventsCount: 0,
    _maxListeners: undefined,
    s:
     { dbCache: {},
       children: [],
       topology: [Server],
       options: [Object],
       logger: [Logger],
       bson: BSON {},
       readPreference: [ReadPreference],
       bufferMaxEntries: -1,
       parentDb: null,
       pkFactory: undefined,
       nativeParser: undefined,
       promiseLibrary: [Function: Promise],
       noListener: false,
       readConcern: undefined,
       writeConcern: undefined,
       namespace: [MongoDBNamespace] },
    serverConfig: [Getter],
    bufferMaxEntries: [Getter],
    databaseName: [Getter] } ]
Listening on port: 80
